  BVHNode.hpp
  BVHStruct.cpp
E:\PathTracing\PacthTracing\PathTracing\Tool.hpp(22,13): warning C4244: “return”: 从“double”转换到“float”，可能丢失数据
  (编译源文件“BVHNode.hpp”)
  
E:\PathTracing\PacthTracing\PathTracing\Tool.hpp(26,41): error C2027: 使用了未定义类型“std::tuple<float,float,float>”
  (编译源文件“BVHNode.hpp”)
  D:\Program Files\Microsoft Visual Studio\2022\Community\VC\Tools\MSVC\14.39.33519\include\utility(141,7):
  参见“std::tuple<float,float,float>”的声明
  
E:\PathTracing\PacthTracing\PathTracing\Tool.hpp(26,41): error C2079: “computeBarycentric3D”使用未定义的 class“std::tuple<float,float,float>”
  (编译源文件“BVHNode.hpp”)
  
E:\PathTracing\PacthTracing\PathTracing\Tool.hpp(82,10): warning C4244: “初始化”: 从“float”转换到“int”，可能丢失数据
  (编译源文件“BVHNode.hpp”)
  
E:\PathTracing\PacthTracing\PathTracing\Texture.hpp(7,10): error C1083: 无法打开包括文件: “opencv2/opencv.hpp”: No such file or directory
  (编译源文件“BVHNode.hpp”)
  
E:\PathTracing\PacthTracing\PathTracing\Tool.hpp(22,13): warning C4244: “return”: 从“double”转换到“float”，可能丢失数据
  (编译源文件“BVHStruct.cpp”)
  
E:\PathTracing\PacthTracing\PathTracing\Tool.hpp(26,41): error C2027: 使用了未定义类型“std::tuple<float,float,float>”
  (编译源文件“BVHStruct.cpp”)
  D:\Program Files\Microsoft Visual Studio\2022\Community\VC\Tools\MSVC\14.39.33519\include\utility(141,7):
  参见“std::tuple<float,float,float>”的声明
  
E:\PathTracing\PacthTracing\PathTracing\Tool.hpp(26,41): error C2079: “computeBarycentric3D”使用未定义的 class“std::tuple<float,float,float>”
  (编译源文件“BVHStruct.cpp”)
  
E:\PathTracing\PacthTracing\PathTracing\Tool.hpp(82,10): warning C4244: “初始化”: 从“float”转换到“int”，可能丢失数据
  (编译源文件“BVHStruct.cpp”)
  
E:\PathTracing\PacthTracing\PathTracing\Texture.hpp(7,10): error C1083: 无法打开包括文件: “opencv2/opencv.hpp”: No such file or directory
  (编译源文件“BVHStruct.cpp”)
  
  main.cpp
E:\PathTracing\PacthTracing\PathTracing\Tool.hpp(22,13): warning C4244: “return”: 从“double”转换到“float”，可能丢失数据
  (编译源文件“main.cpp”)
  
E:\PathTracing\PacthTracing\PathTracing\Tool.hpp(26,41): error C2027: 使用了未定义类型“std::tuple<float,float,float>”
  (编译源文件“main.cpp”)
  D:\Program Files\Microsoft Visual Studio\2022\Community\VC\Tools\MSVC\14.39.33519\include\utility(141,7):
  参见“std::tuple<float,float,float>”的声明
  
E:\PathTracing\PacthTracing\PathTracing\Tool.hpp(26,41): error C2079: “computeBarycentric3D”使用未定义的 class“std::tuple<float,float,float>”
  (编译源文件“main.cpp”)
  
E:\PathTracing\PacthTracing\PathTracing\Tool.hpp(82,10): warning C4244: “初始化”: 从“float”转换到“int”，可能丢失数据
  (编译源文件“main.cpp”)
  
E:\PathTracing\PacthTracing\PathTracing\Texture.hpp(7,10): error C1083: 无法打开包括文件: “opencv2/opencv.hpp”: No such file or directory
  (编译源文件“main.cpp”)
  
  Ray.hpp
  Renderer.cpp
E:\PathTracing\PacthTracing\PathTracing\Tool.hpp(22,13): warning C4244: “return”: 从“double”转换到“float”，可能丢失数据
  (编译源文件“Renderer.cpp”)
  
E:\PathTracing\PacthTracing\PathTracing\Tool.hpp(82,10): warning C4244: “初始化”: 从“float”转换到“int”，可能丢失数据
  (编译源文件“Renderer.cpp”)
  
E:\PathTracing\PacthTracing\PathTracing\Texture.hpp(7,10): error C1083: 无法打开包括文件: “opencv2/opencv.hpp”: No such file or directory
  (编译源文件“Renderer.cpp”)
  
  Renderer.hpp
E:\PathTracing\PacthTracing\PathTracing\Tool.hpp(22,13): warning C4244: “return”: 从“double”转换到“float”，可能丢失数据
  (编译源文件“Renderer.hpp”)
  
E:\PathTracing\PacthTracing\PathTracing\Tool.hpp(26,41): error C2027: 使用了未定义类型“std::tuple<float,float,float>”
  (编译源文件“Renderer.hpp”)
  D:\Program Files\Microsoft Visual Studio\2022\Community\VC\Tools\MSVC\14.39.33519\include\utility(141,7):
  参见“std::tuple<float,float,float>”的声明
  
E:\PathTracing\PacthTracing\PathTracing\Tool.hpp(26,41): error C2079: “computeBarycentric3D”使用未定义的 class“std::tuple<float,float,float>”
  (编译源文件“Renderer.hpp”)
  
E:\PathTracing\PacthTracing\PathTracing\Tool.hpp(82,10): warning C4244: “初始化”: 从“float”转换到“int”，可能丢失数据
  (编译源文件“Renderer.hpp”)
  
E:\PathTracing\PacthTracing\PathTracing\Texture.hpp(7,10): error C1083: 无法打开包括文件: “opencv2/opencv.hpp”: No such file or directory
  (编译源文件“Renderer.hpp”)
  
  Scene.cpp
E:\PathTracing\PacthTracing\PathTracing\Tool.hpp(22,13): warning C4244: “return”: 从“double”转换到“float”，可能丢失数据
  (编译源文件“Scene.cpp”)
  
E:\PathTracing\PacthTracing\PathTracing\Tool.hpp(26,41): error C2027: 使用了未定义类型“std::tuple<float,float,float>”
  (编译源文件“Scene.cpp”)
  D:\Program Files\Microsoft Visual Studio\2022\Community\VC\Tools\MSVC\14.39.33519\include\utility(141,7):
  参见“std::tuple<float,float,float>”的声明
  
E:\PathTracing\PacthTracing\PathTracing\Tool.hpp(26,41): error C2079: “computeBarycentric3D”使用未定义的 class“std::tuple<float,float,float>”
  (编译源文件“Scene.cpp”)
  
E:\PathTracing\PacthTracing\PathTracing\Tool.hpp(82,10): warning C4244: “初始化”: 从“float”转换到“int”，可能丢失数据
  (编译源文件“Scene.cpp”)
  
E:\PathTracing\PacthTracing\PathTracing\Texture.hpp(7,10): error C1083: 无法打开包括文件: “opencv2/opencv.hpp”: No such file or directory
  (编译源文件“Scene.cpp”)
  
  正在生成代码...
